<?xml version="1.0" encoding="UTF-8"?>
<testsuite xmlns:xsi="http://www.w3.org/2001/XMLSchema-instance" xsi:noNamespaceSchemaLocation="https://maven.apache.org/surefire/maven-surefire-plugin/xsd/surefire-test-report.xsd" name="hello.ApplicationTests" time="6.537" tests="5" errors="0" skipped="0" failures="0">
  <properties>
[...]
</properties>
  <testcase name="delete" classname="hello.ApplicationTests" time="0.583"/>
  <testcase name="findAll" classname="hello.ApplicationTests" time="0.052"/>
  <testcase name="findByName" classname="hello.ApplicationTests" time="0.001"/>
  <testcase name="findByNameContaining" classname="hello.ApplicationTests" time="0.058"/>
  <testcase name="marge" classname="hello.ApplicationTests" time="0.001"/>
</testsuite>